0 info it worked if it ends with ok
1 verbose cli [ 'C:\\Program Files\\nodejs\\node.exe',
1 verbose cli   'C:\\Program Files\\nodejs\\node_modules\\npm\\bin\\npm-cli.js',
1 verbose cli   'publish' ]
2 info using npm@4.1.2
3 info using node@v7.6.0
4 verbose publish [ '.' ]
5 silly cache add args [ '.', null ]
6 verbose cache add spec .
7 silly cache add parsed spec Result {
7 silly cache add   raw: '.',
7 silly cache add   scope: null,
7 silly cache add   escapedName: null,
7 silly cache add   name: null,
7 silly cache add   rawSpec: '.',
7 silly cache add   spec: 'E:\\ajax-manager',
7 silly cache add   type: 'directory' }
8 verbose addLocalDirectory C:\Users\Awey\AppData\Roaming\npm-cache\ajax-manager\1.0.0\package.tgz not in flight; packing
9 verbose correctMkdir C:\Users\Awey\AppData\Roaming\npm-cache correctMkdir not in flight; initializing
10 info lifecycle ajax-manager@1.0.0~prepublish: ajax-manager@1.0.0
11 silly lifecycle ajax-manager@1.0.0~prepublish: no script for prepublish, continuing
12 info lifecycle ajax-manager@1.0.0~prepare: ajax-manager@1.0.0
13 silly lifecycle ajax-manager@1.0.0~prepare: no script for prepare, continuing
14 verbose tar pack [ 'C:\\Users\\Awey\\AppData\\Roaming\\npm-cache\\ajax-manager\\1.0.0\\package.tgz',
14 verbose tar pack   'E:\\ajax-manager' ]
15 verbose tarball C:\Users\Awey\AppData\Roaming\npm-cache\ajax-manager\1.0.0\package.tgz
16 verbose folder E:\ajax-manager
17 verbose addLocalTarball adding from inside cache C:\Users\Awey\AppData\Roaming\npm-cache\ajax-manager\1.0.0\package.tgz
18 verbose correctMkdir C:\Users\Awey\AppData\Roaming\npm-cache correctMkdir not in flight; initializing
19 silly cache afterAdd ajax-manager@1.0.0
20 verbose afterAdd C:\Users\Awey\AppData\Roaming\npm-cache\ajax-manager\1.0.0\package\package.json not in flight; writing
21 verbose correctMkdir C:\Users\Awey\AppData\Roaming\npm-cache correctMkdir not in flight; initializing
22 verbose afterAdd C:\Users\Awey\AppData\Roaming\npm-cache\ajax-manager\1.0.0\package\package.json written
23 silly publish { name: 'ajax-manager',
23 silly publish   version: '1.0.0',
23 silly publish   description: 'An jQuery ajax management tool',
23 silly publish   main: 'index.js',
23 silly publish   scripts: { test: 'echo "Error: no test specified" && exit 1' },
23 silly publish   repository:
23 silly publish    { type: 'git',
23 silly publish      url: 'git+https://github.com/BboyAwey/ajax-manager.git' },
23 silly publish   keywords: [ 'jQuery', 'ajax' ],
23 silly publish   author: { name: 'bboyawey@sina.cn' },
23 silly publish   license: 'MIT',
23 silly publish   bugs: { url: 'https://github.com/BboyAwey/ajax-manager/issues' },
23 silly publish   homepage: 'https://github.com/BboyAwey/ajax-manager#readme',
23 silly publish   readme: '# ajax-manager\r\nA jQuery ajax management tool\r\n\r\n# install\r\n```\r\nnpm install ajax-manager\r\n```\r\n\r\n# useage\r\n```javascript\r\nimport ajaxManager from \'ajax-manager\'\r\n\r\najaxManager(models, config, jQuery)\r\n```\r\n# TOTO LIST：\r\n* make models support both Array and Object type\r\n* add default success and error handler\r\n* useage examples\r\n* finish ducoments',
23 silly publish   readmeFilename: 'README.md',
23 silly publish   gitHead: 'cdde9fdbf4185b349e47ffa286b421b1a664abf7',
23 silly publish   _id: 'ajax-manager@1.0.0',
23 silly publish   _shasum: 'a7e6eac487203bc586092da8557faf8857f045fe',
23 silly publish   _from: '.' }
24 info lifecycle ajax-manager@1.0.0~prepublishOnly: ajax-manager@1.0.0
25 silly lifecycle ajax-manager@1.0.0~prepublishOnly: no script for prepublishOnly, continuing
26 verbose getPublishConfig undefined
27 silly mapToRegistry name ajax-manager
28 silly mapToRegistry using default registry
29 silly mapToRegistry registry https://registry.npmjs.org/
30 silly mapToRegistry data Result {
30 silly mapToRegistry   raw: 'ajax-manager',
30 silly mapToRegistry   scope: null,
30 silly mapToRegistry   escapedName: 'ajax-manager',
30 silly mapToRegistry   name: 'ajax-manager',
30 silly mapToRegistry   rawSpec: '',
30 silly mapToRegistry   spec: 'latest',
30 silly mapToRegistry   type: 'tag' }
31 silly mapToRegistry uri https://registry.npmjs.org/ajax-manager
32 verbose publish registryBase https://registry.npmjs.org/
33 silly publish uploading C:\Users\Awey\AppData\Roaming\npm-cache\ajax-manager\1.0.0\package.tgz
34 verbose request uri https://registry.npmjs.org/ajax-manager
35 verbose request sending authorization for write operation
36 info attempt registry request try #1 at 23:50:12
37 verbose request using bearer token for auth
38 verbose request id bf4dd4f61a443c00
39 http request PUT https://registry.npmjs.org/ajax-manager
40 http 403 https://registry.npmjs.org/ajax-manager
41 verbose headers { 'content-type': 'application/json',
41 verbose headers   'cache-control': 'max-age=300',
41 verbose headers   'content-length': '95',
41 verbose headers   'accept-ranges': 'bytes',
41 verbose headers   date: 'Tue, 30 May 2017 15:50:19 GMT',
41 verbose headers   via: '1.1 varnish',
41 verbose headers   connection: 'keep-alive',
41 verbose headers   'x-served-by': 'cache-hkg6820-HKG',
41 verbose headers   'x-cache': 'MISS',
41 verbose headers   'x-cache-hits': '0',
41 verbose headers   'x-timer': 'S1496159418.204727,VS0,VE817',
41 verbose headers   vary: 'Accept-Encoding' }
42 verbose request invalidating C:\Users\Awey\AppData\Roaming\npm-cache\registry.npmjs.org\ajax-manager on PUT
43 error publish Failed PUT 403
44 verbose stack Error: "You cannot publish over the previously published version 1.0.0." : ajax-manager
44 verbose stack     at makeError (C:\Program Files\nodejs\node_modules\npm\node_modules\npm-registry-client\lib\request.js:304:12)
44 verbose stack     at CachingRegistryClient.<anonymous> (C:\Program Files\nodejs\node_modules\npm\node_modules\npm-registry-client\lib\request.js:292:14)
44 verbose stack     at Request._callback (C:\Program Files\nodejs\node_modules\npm\node_modules\npm-registry-client\lib\request.js:212:14)
44 verbose stack     at Request.self.callback (C:\Program Files\nodejs\node_modules\npm\node_modules\request\request.js:186:22)
44 verbose stack     at emitTwo (events.js:106:13)
44 verbose stack     at Request.emit (events.js:192:7)
44 verbose stack     at Request.<anonymous> (C:\Program Files\nodejs\node_modules\npm\node_modules\request\request.js:1081:10)
44 verbose stack     at emitOne (events.js:96:13)
44 verbose stack     at Request.emit (events.js:189:7)
44 verbose stack     at IncomingMessage.<anonymous> (C:\Program Files\nodejs\node_modules\npm\node_modules\request\request.js:1001:12)
45 verbose statusCode 403
46 verbose pkgid ajax-manager
47 verbose cwd E:\ajax-manager
48 error Windows_NT 10.0.14393
49 error argv "C:\\Program Files\\nodejs\\node.exe" "C:\\Program Files\\nodejs\\node_modules\\npm\\bin\\npm-cli.js" "publish"
50 error node v7.6.0
51 error npm  v4.1.2
52 error code E403
53 error "You cannot publish over the previously published version 1.0.0." : ajax-manager
54 error If you need help, you may report this error at:
54 error     <https://github.com/npm/npm/issues>
55 verbose exit [ 1, true ]
